297  [Test worker] INFO  c.e.Practice24.service.LevelService – Create level repo
352  [Test worker] INFO  c.e.Practice24.service.LevelService – Read level by id
377  [Test worker] INFO  c.e.Practice24.service.LevelService – Create level repo
379  [Test worker] INFO  c.e.Practice24.service.LevelService – Find all levels
387  [Test worker] INFO  c.e.Practice24.service.LevelService – Create level repo
391  [Test worker] INFO  c.e.Practice24.service.LevelService – Save the level
400  [Test worker] INFO  c.e.Practice24.service.LevelService – Create level repo
403  [Test worker] INFO  c.e.Practice24.service.LevelService – Delete
484  [Test worker] INFO  c.e.Practice24.service.LevelService – Create level repo
518  [Test worker] INFO  c.e.Practice24.service.LevelService – Update
315  [Test worker] INFO  c.e.Practice24.service.LevelService – Create level repo
347  [Test worker] INFO  c.e.Practice24.service.LevelService – Read level by id
374  [Test worker] INFO  c.e.Practice24.service.LevelService – Create level repo
376  [Test worker] INFO  c.e.Practice24.service.LevelService – Find all levels
382  [Test worker] INFO  c.e.Practice24.service.LevelService – Create level repo
385  [Test worker] INFO  c.e.Practice24.service.LevelService – Save the level
391  [Test worker] INFO  c.e.Practice24.service.LevelService – Create level repo
392  [Test worker] INFO  c.e.Practice24.service.LevelService – Delete
414  [Test worker] INFO  c.e.Practice24.service.LevelService – Create level repo
416  [Test worker] INFO  c.e.Practice24.service.LevelService – Update
336  [Test worker] INFO  c.e.Practice24.service.LevelService – Create level repo
375  [Test worker] INFO  c.e.Practice24.service.LevelService – Find all levels
264  [Test worker] INFO  c.e.Practice24.service.LevelService – Create level repo
296  [Test worker] INFO  c.e.Practice24.service.LevelService – Read level by id
326  [Test worker] INFO  c.e.Practice24.service.LevelService – Create level repo
329  [Test worker] INFO  c.e.Practice24.service.LevelService – Find all levels
335  [Test worker] INFO  c.e.Practice24.service.LevelService – Create level repo
336  [Test worker] INFO  c.e.Practice24.service.LevelService – Delete
354  [Test worker] INFO  c.e.Practice24.service.LevelService – Create level repo
359  [Test worker] INFO  c.e.Practice24.service.LevelService – Update
257  [Test worker] INFO  c.e.Practice24.service.LevelService – Create level repo
290  [Test worker] INFO  c.e.Practice24.service.LevelService – Read level by id
319  [Test worker] INFO  c.e.Practice24.service.LevelService – Create level repo
322  [Test worker] INFO  c.e.Practice24.service.LevelService – Find all levels
330  [Test worker] INFO  c.e.Practice24.service.LevelService – Create level repo
333  [Test worker] INFO  c.e.Practice24.service.LevelService – Save the level
339  [Test worker] INFO  c.e.Practice24.service.LevelService – Create level repo
340  [Test worker] INFO  c.e.Practice24.service.LevelService – Delete
358  [Test worker] INFO  c.e.Practice24.service.LevelService – Create level repo
359  [Test worker] INFO  c.e.Practice24.service.LevelService – Update
373  [Test worker] INFO  c.e.Practice24.service.LevelService – Create level repo
425  [Test worker] INFO  c.e.Practice24.service.LevelService – Read level by id
452  [Test worker] INFO  c.e.Practice24.service.LevelService – Create level repo
454  [Test worker] INFO  c.e.Practice24.service.LevelService – Find all levels
457  [Test worker] INFO  c.e.Practice24.service.LevelService – Create level repo
461  [Test worker] INFO  c.e.Practice24.service.LevelService – Save the level
464  [Test worker] INFO  c.e.Practice24.service.LevelService – Create level repo
466  [Test worker] INFO  c.e.Practice24.service.LevelService – Delete
471  [Test worker] INFO  c.e.Practice24.service.LevelService – Create level repo
472  [Test worker] INFO  c.e.Practice24.service.LevelService – Update
302  [Test worker] INFO  c.e.Practice24.service.LevelService – Create level repo
348  [Test worker] INFO  c.e.Practice24.service.LevelService – Read level by id
375  [Test worker] INFO  c.e.Practice24.service.LevelService – Create level repo
376  [Test worker] INFO  c.e.Practice24.service.LevelService – Find all levels
379  [Test worker] INFO  c.e.Practice24.service.LevelService – Create level repo
384  [Test worker] INFO  c.e.Practice24.service.LevelService – Save the level
389  [Test worker] INFO  c.e.Practice24.service.LevelService – Create level repo
390  [Test worker] INFO  c.e.Practice24.service.LevelService – Delete
395  [Test worker] INFO  c.e.Practice24.service.LevelService – Create level repo
397  [Test worker] INFO  c.e.Practice24.service.LevelService – Update
300  [Test worker] INFO  c.e.Practice24.service.LevelService – Create level repo
332  [Test worker] INFO  c.e.Practice24.service.LevelService – Read level by id
361  [Test worker] INFO  c.e.Practice24.service.LevelService – Create level repo
364  [Test worker] INFO  c.e.Practice24.service.LevelService – Find all levels
370  [Test worker] INFO  c.e.Practice24.service.LevelService – Create level repo
373  [Test worker] INFO  c.e.Practice24.service.LevelService – Save the level
378  [Test worker] INFO  c.e.Practice24.service.LevelService – Create level repo
380  [Test worker] INFO  c.e.Practice24.service.LevelService – Delete
385  [Test worker] INFO  c.e.Practice24.service.LevelService – Create level repo
386  [Test worker] INFO  c.e.Practice24.service.LevelService – Update
330  [Test worker] INFO  c.e.Practice24.service.LevelService – Create level repo
404  [Test worker] INFO  c.e.Practice24.service.LevelService – Read level by id
437  [Test worker] INFO  c.e.Practice24.service.LevelService – Create level repo
438  [Test worker] INFO  c.e.Practice24.service.LevelService – Find all levels
441  [Test worker] INFO  c.e.Practice24.service.LevelService – Create level repo
448  [Test worker] INFO  c.e.Practice24.service.LevelService – Save the level
451  [Test worker] INFO  c.e.Practice24.service.LevelService – Create level repo
452  [Test worker] INFO  c.e.Practice24.service.LevelService – Delete
457  [Test worker] INFO  c.e.Practice24.service.LevelService – Create level repo
459  [Test worker] INFO  c.e.Practice24.service.LevelService – Update
404  [Test worker] INFO  c.e.Practice24.service.GameService – Create Game repo
435  [Test worker] INFO  c.e.Practice24.service.GameService – Read a game by id
464  [Test worker] INFO  c.e.Practice24.service.GameService – Create Game repo
465  [Test worker] INFO  c.e.Practice24.service.GameService – Read all games
486  [Test worker] INFO  c.e.Practice24.service.GameService – Create Game repo
489  [Test worker] INFO  c.e.Practice24.service.GameService – Save the game
495  [Test worker] INFO  c.e.Practice24.service.GameService – Create Game repo
497  [Test worker] INFO  c.e.Practice24.service.GameService – Delete the game
503  [Test worker] INFO  c.e.Practice24.service.GameService – Create Game repo
504  [Test worker] INFO  c.e.Practice24.service.GameService – Update the game
307  [Test worker] INFO  c.e.Practice24.service.GameService – Create Game repo
345  [Test worker] INFO  c.e.Practice24.service.GameService – Read game by id
373  [Test worker] INFO  c.e.Practice24.service.GameService – Create Game repo
375  [Test worker] INFO  c.e.Practice24.service.GameService – Read all games
380  [Test worker] INFO  c.e.Practice24.service.GameService – Create Game repo
383  [Test worker] INFO  c.e.Practice24.service.GameService – Save the game
388  [Test worker] INFO  c.e.Practice24.service.GameService – Create Game repo
389  [Test worker] INFO  c.e.Practice24.service.GameService – Delete the game
395  [Test worker] INFO  c.e.Practice24.service.GameService – Create Game repo
397  [Test worker] INFO  c.e.Practice24.service.GameService – Update the game
